<?xml version="1.0" encoding="UTF-8"?>
<testsuite name="com.koligrum.test.UsersTesting" tests="1" skipped="0" failures="0" errors="0" timestamp="2021-09-18T06:31:13" hostname="LAPTOP-U166R79V" time="2.017">
  <properties/>
  <testcase name="tugasKoligrum()" classname="com.koligrum.test.UsersTesting" time="2.017"/>
  <system-out><![CDATA[Request method:	POST
Request URI:	http://localhost:1234/v1/users
Proxy:			<none>
Request params:	<none>
Query params:	<none>
Form params:	<none>
Path params:	<none>
Headers:		accept=application/json
				Content-Type=application/json; charset=UTF-8
Cookies:		<none>
Multiparts:		<none>
Body:
{
    "firstName": "muhammad",
    "lastName": "wildan",
    "age": 24,
    "occupation": "Kurir",
    "nationality": "Indonesia",
    "hobbies": [
        "Futsal"
    ],
    "gender": "MALE"
}
{
    "id": "88116594-487b-4ecc-9737-26ce4e1ee1eb",
    "firstName": "muhammad",
    "lastName": "wildan",
    "age": 24,
    "occupation": "Kurir",
    "nationality": "Indonesia",
    "hobbies": [
        "Futsal"
    ],
    "gender": "MALE",
    "createdDate": "2021-09-18T13:31:14.5143597",
    "updatedDate": null
}
Request method:	GET
Request URI:	http://localhost:1234/v1/users/88116594-487b-4ecc-9737-26ce4e1ee1eb
Proxy:			<none>
Request params:	<none>
Query params:	<none>
Form params:	<none>
Path params:	id=88116594-487b-4ecc-9737-26ce4e1ee1eb
Headers:		accept=application/json
Cookies:		<none>
Multiparts:		<none>
Body:			<none>
{
    "id": "88116594-487b-4ecc-9737-26ce4e1ee1eb",
    "firstName": "muhammad",
    "lastName": "wildan",
    "age": 24,
    "occupation": "Kurir",
    "nationality": "Indonesia",
    "hobbies": [
        "Futsal"
    ],
    "gender": "MALE",
    "createdDate": "2021-09-18T13:31:14.5143597",
    "updatedDate": null
}
Request method:	PUT
Request URI:	http://localhost:1234/v1/users
Proxy:			<none>
Request params:	<none>
Query params:	<none>
Form params:	<none>
Path params:	<none>
Headers:		accept=application/json
				Content-Type=application/json; charset=UTF-8
Cookies:		<none>
Multiparts:		<none>
Body:
{
    "id": "88116594-487b-4ecc-9737-26ce4e1ee1eb",
    "firstName": "muhammad edit",
    "lastName": "wildan edit",
    "age": 24,
    "occupation": "Kurir",
    "nationality": "Indonesia",
    "hobbies": [
        "Futsal"
    ],
    "gender": "MALE"
}
{
    "id": "88116594-487b-4ecc-9737-26ce4e1ee1eb",
    "firstName": "muhammad edit",
    "lastName": "wildan edit",
    "age": 24,
    "occupation": "Kurir",
    "nationality": "Indonesia",
    "hobbies": [
        "Futsal"
    ],
    "gender": "MALE",
    "createdDate": "2021-09-18T13:31:14.5143597",
    "updatedDate": "2021-09-18T13:31:15.1466227"
}
Request method:	GET
Request URI:	http://localhost:1234/v1/users/88116594-487b-4ecc-9737-26ce4e1ee1eb
Proxy:			<none>
Request params:	<none>
Query params:	<none>
Form params:	<none>
Path params:	id=88116594-487b-4ecc-9737-26ce4e1ee1eb
Headers:		accept=application/json
Cookies:		<none>
Multiparts:		<none>
Body:			<none>
{
    "id": "88116594-487b-4ecc-9737-26ce4e1ee1eb",
    "firstName": "muhammad edit",
    "lastName": "wildan edit",
    "age": 24,
    "occupation": "Kurir",
    "nationality": "Indonesia",
    "hobbies": [
        "Futsal"
    ],
    "gender": "MALE",
    "createdDate": "2021-09-18T13:31:14.5143597",
    "updatedDate": "2021-09-18T13:31:15.1466227"
}
Request method:	DELETE
Request URI:	http://localhost:1234/v1/users/88116594-487b-4ecc-9737-26ce4e1ee1eb
Proxy:			<none>
Request params:	<none>
Query params:	<none>
Form params:	<none>
Path params:	id=88116594-487b-4ecc-9737-26ce4e1ee1eb
Headers:		accept=application/json
Cookies:		<none>
Multiparts:		<none>
Body:			<none>

Request method:	GET
Request URI:	http://localhost:1234/v1/users/88116594-487b-4ecc-9737-26ce4e1ee1eb
Proxy:			<none>
Request params:	<none>
Query params:	<none>
Form params:	<none>
Path params:	id=88116594-487b-4ecc-9737-26ce4e1ee1eb
Headers:		accept=application/json
Cookies:		<none>
Multiparts:		<none>
Body:			<none>
{
    "errorCode": "ER-01",
    "statusCode": 404,
    "message": "user not found",
    "timestamp": "2021-09-18T13:31:15.2247301"
}
]]></system-out>
  <system-err><![CDATA[]]></system-err>
</testsuite>
